[2019/05/12 14:12:49.607] - eth_unsubscribe
[2019/05/12 14:12:49.607] -    > {
   >   "jsonrpc": "2.0",
   >   "id": 42,
   >   "method": "eth_unsubscribe",
   >   "params": [
   >     "0x1"
   >   ]
   > }
[2019/05/12 14:12:49.607] - eth_unsubscribe
[2019/05/12 14:12:49.607] -    > {
   >   "jsonrpc": "2.0",
   >   "id": 43,
   >   "method": "eth_unsubscribe",
   >   "params": [
   >     "0x2"
   >   ]
   > }
[2019/05/12 14:12:49.608] -    > {
   >   "jsonrpc": "2.0",
   >   "method": "eth_unsubscribe",
   >   "params": [
   >     "0x1"
   >   ],
   >   "id": 1557663169608
   > }
[2019/05/12 14:12:49.608] -    > {
   >   "jsonrpc": "2.0",
   >   "method": "eth_unsubscribe",
   >   "params": [
   >     "0x2"
   >   ],
   >   "id": 1557663169608
   > }
[2019/05/12 14:12:49.609] -    > {
   >   "jsonrpc": "2.0",
   >   "method": "eth_unsubscribe",
   >   "params": [
   >     "0x3"
   >   ],
   >   "id": 1557663169608
   > }
[2019/05/12 14:12:49.609] -  <   {
 <     "id": 42,
 <     "jsonrpc": "2.0",
 <     "result": true
 <   }
[2019/05/12 14:12:49.610] -  <   {
 <     "id": 43,
 <     "jsonrpc": "2.0",
 <     "result": true
 <   }
[2019/05/12 14:12:49.615] -  <   {
 <     "id": 1557663169608,
 <     "jsonrpc": "2.0",
 <     "error": {
 <       "message": "Subscription ID 0x1 not found.",
 <       "code": -32000,
 <       "data": {
 <         "stack": "Error: Subscription ID 0x1 not found.\n    at SubscriptionSubprovider.eth_unsubscribe (/tmp/.mount_GanachStusNj/resources/app.asar/node_modules/ganache-core/node_modules/web3-provider-engine/subproviders/subscriptions.js:77:8)\n    at SubscriptionSubprovider.handleRequest (/tmp/.mount_GanachStusNj/resources/app.asar/node_modules/ganache-core/node_modules/web3-provider-engine/subproviders/subscriptions.js:133:12)\n    at next (/tmp/.mount_GanachStusNj/resources/app.asar/node_modules/ganache-core/node_modules/web3-provider-engine/index.js:116:18)\n    at DelayedBlockFilter.handleRequest (/tmp/.mount_GanachStusNj/resources/app.asar/node_modules/ganache-core/lib/subproviders/delayedblockfilter.js:31:3)\n    at next (/tmp/.mount_GanachStusNj/resources/app.asar/node_modules/ganache-core/node_modules/web3-provider-engine/index.js:116:18)\n    at RequestFunnel.handleRequest (/tmp/.mount_GanachStusNj/resources/app.asar/node_modules/ganache-core/lib/subproviders/requestfunnel.js:32:12)\n    at next (/tmp/.mount_GanachStusNj/resources/app.asar/node_modules/ganache-core/node_modules/web3-provider-engine/index.js:116:18)\n    at Web3ProviderEngine._handleAsync (/tmp/.mount_GanachStusNj/resources/app.asar/node_modules/ganache-core/node_modules/web3-provider-engine/index.js:103:3)\n    at Timeout._onTimeout (/tmp/.mount_GanachStusNj/resources/app.asar/node_modules/ganache-core/node_modules/web3-provider-engine/index.js:87:12)\n    at ontimeout (timers.js:469:11)\n    at tryOnTimeout (timers.js:304:5)\n    at Timer.listOnTimeout (timers.js:264:5)",
 <         "name": "Error"
 <       }
 <     }
 <   }
[2019/05/12 14:12:49.619] -  <   {
 <     "id": 1557663169608,
 <     "jsonrpc": "2.0",
 <     "error": {
 <       "message": "Subscription ID 0x2 not found.",
 <       "code": -32000,
 <       "data": {
 <         "stack": "Error: Subscription ID 0x2 not found.\n    at SubscriptionSubprovider.eth_unsubscribe (/tmp/.mount_GanachStusNj/resources/app.asar/node_modules/ganache-core/node_modules/web3-provider-engine/subproviders/subscriptions.js:77:8)\n    at SubscriptionSubprovider.handleRequest (/tmp/.mount_GanachStusNj/resources/app.asar/node_modules/ganache-core/node_modules/web3-provider-engine/subproviders/subscriptions.js:133:12)\n    at next (/tmp/.mount_GanachStusNj/resources/app.asar/node_modules/ganache-core/node_modules/web3-provider-engine/index.js:116:18)\n    at DelayedBlockFilter.handleRequest (/tmp/.mount_GanachStusNj/resources/app.asar/node_modules/ganache-core/lib/subproviders/delayedblockfilter.js:31:3)\n    at next (/tmp/.mount_GanachStusNj/resources/app.asar/node_modules/ganache-core/node_modules/web3-provider-engine/index.js:116:18)\n    at RequestFunnel.handleRequest (/tmp/.mount_GanachStusNj/resources/app.asar/node_modules/ganache-core/lib/subproviders/requestfunnel.js:32:12)\n    at next (/tmp/.mount_GanachStusNj/resources/app.asar/node_modules/ganache-core/node_modules/web3-provider-engine/index.js:116:18)\n    at Web3ProviderEngine._handleAsync (/tmp/.mount_GanachStusNj/resources/app.asar/node_modules/ganache-core/node_modules/web3-provider-engine/index.js:103:3)\n    at Timeout._onTimeout (/tmp/.mount_GanachStusNj/resources/app.asar/node_modules/ganache-core/node_modules/web3-provider-engine/index.js:87:12)\n    at ontimeout (timers.js:469:11)\n    at tryOnTimeout (timers.js:304:5)\n    at Timer.listOnTimeout (timers.js:264:5)",
 <         "name": "Error"
 <       }
 <     }
 <   }
[2019/05/12 14:12:49.621] -  <   {
 <     "id": 1557663169608,
 <     "jsonrpc": "2.0",
 <     "result": true
 <   }
[2019/05/12 14:12:50.099] - Warning: stopMining called when miner was already stopped
